Using pre-set license
Built from '2020.3/staging' branch; Version is '2020.3.3f1 (76626098c1c4) revision 7758432'; Using compiler version '192528614'; Build Type 'Release'
OS: 'Windows 10 Home; OS build 19041.985; Version 2004; 64bit' Language: 'en' Physical Memory: 32682 MB
BatchMode: 1, IsHumanControllingUs: 0, StartBugReporterOnCrash: 0, Is64bit: 1, IsPro: 0

 COMMAND LINE ARGUMENTS:
C:\Program Files\Unity\2020.3.3f1\Editor\Unity.exe
-adb2
-batchMode
-noUpm
-name
AssetImportWorker0
-projectPath
C:/Users/Extreme PC/Documents/GitHub/Megaman/Megaman-Project
-logFile
Logs/AssetImportWorker0.log
-srvPort
54217
Successfully changed project path to: C:/Users/Extreme PC/Documents/GitHub/Megaman/Megaman-Project
C:/Users/Extreme PC/Documents/GitHub/Megaman/Megaman-Project
Using Asset Import Pipeline V2.
Refreshing native plugins compatible for Editor in 31.55 ms, found 1 plugins.
Preloading 0 native plugins for Editor in 0.00 ms.
Initialize engine version: 2020.3.3f1 (76626098c1c4)
[Subsystems] Discovering subsystems at path C:/Program Files/Unity/2020.3.3f1/Editor/Data/Resources/UnitySubsystems
[Subsystems] Discovering subsystems at path C:/Users/Extreme PC/Documents/GitHub/Megaman/Megaman-Project/Assets
GfxDevice: creating device client; threaded=0
Direct3D:
    Version:  Direct3D 11.0 [level 11.1]
    Renderer: NVIDIA GeForce RTX 2070 SUPER (ID=0x1e84)
    Vendor:   
    VRAM:     8011 MB
    Driver:   27.21.14.6647
Initialize mono
Mono path[0] = 'C:/Program Files/Unity/2020.3.3f1/Editor/Data/Managed'
Mono path[1] = 'C:/Program Files/Unity/2020.3.3f1/Editor/Data/MonoBleedingEdge/lib/mono/unityjit'
Mono config path = 'C:/Program Files/Unity/2020.3.3f1/Editor/Data/MonoBleedingEdge/etc'
Using monoOptions --debugger-agent=transport=dt_socket,embedding=1,server=y,suspend=n,address=127.0.0.1:56260
Begin MonoManager ReloadAssembly
Registering precompiled unity dll's ...
Register platform support module: C:/Program Files/Unity/2020.3.3f1/Editor/Data/PlaybackEngines/WebGLSupport/UnityEditor.WebGL.Extensions.dll
Register platform support module: C:/Program Files/Unity/2020.3.3f1/Editor/Data/PlaybackEngines/WindowsStandaloneSupport/UnityEditor.WindowsStandalone.Extensions.dll
Registered in 0.001998 seconds.
Native extension for WindowsStandalone target not found
Native extension for WebGL target not found
Refreshing native plugins compatible for Editor in 31.80 ms, found 1 plugins.
Preloading 0 native plugins for Editor in 0.00 ms.
Invoked RoslynAnalysisRunner static constructor.
RoslynAnalysisRunner will not be running.
RoslynAnalysisRunner has terminated.
Mono: successfully reloaded assembly
- Completed reload, in  1.561 seconds
Platform modules already initialized, skipping
Registering precompiled user dll's ...
Registered in 0.000686 seconds.
Begin MonoManager ReloadAssembly
Native extension for WindowsStandalone target not found
Native extension for WebGL target not found
Refreshing native plugins compatible for Editor in 32.78 ms, found 1 plugins.
Preloading 0 native plugins for Editor in 0.00 ms.
Invoked RoslynAnalysisRunner static constructor.
RoslynAnalysisRunner will not be running.
RoslynAnalysisRunner has terminated.
Mono: successfully reloaded assembly
- Completed reload, in  0.761 seconds
Platform modules already initialized, skipping
========================================================================
Worker process is ready to serve import requests
Launched and connected shader compiler UnityShaderCompiler.exe after 0.04 seconds
Refreshing native plugins compatible for Editor in 0.41 ms, found 1 plugins.
Preloading 0 native plugins for Editor in 0.00 ms.
Unloading 1817 Unused Serialized files (Serialized files now loaded: 0)
System memory in use before: 85.1 MB.
System memory in use after: 85.0 MB.

Unloading 24 unused Assets to reduce memory usage. Loaded Objects now: 2260.
Total: 2.137800 ms (FindLiveObjects: 0.229800 ms CreateObjectMapping: 0.049200 ms MarkObjects: 1.741100 ms  DeleteObjects: 0.116500 ms)

========================================================================
Received Import Request.
  path: Assets/Scripts/EnemyTurret.cs
  artifactKey: Guid(82dacb0a68843ca40bebfaf218a89f5c) Importer(815301076,1909f56bfc062723c751e8b465ee728b)
Start importing Assets/Scripts/EnemyTurret.cs using Guid(82dacb0a68843ca40bebfaf218a89f5c) Importer(815301076,1909f56bfc062723c751e8b465ee728b)  -> (artifact id: '5ff2b1e43cbc4b7af6803462e0d9f484') in 0.025760 seconds
  Import took 0.028507 seconds .

========================================================================
Received Import Request.
  Time since last request: 161.574311 seconds.
  path: Assets/Scripts/misc/roller enemy health.cs
  artifactKey: Guid(6c205ee8bc3ec884ebe3c22cd3cda188) Importer(815301076,1909f56bfc062723c751e8b465ee728b)
Start importing Assets/Scripts/misc/roller enemy health.cs using Guid(6c205ee8bc3ec884ebe3c22cd3cda188) Importer(815301076,1909f56bfc062723c751e8b465ee728b)  -> (artifact id: 'eb64afe1f7f20bf14cf9335f1016c966') in 0.005990 seconds
  Import took 0.008969 seconds .

========================================================================
Received Prepare
Registering precompiled user dll's ...
Registered in 0.001028 seconds.
Begin MonoManager ReloadAssembly
Native extension for WindowsStandalone target not found
Native extension for WebGL target not found
Refreshing native plugins compatible for Editor in 0.75 ms, found 1 plugins.
Preloading 0 native plugins for Editor in 0.00 ms.
Invoked RoslynAnalysisRunner static constructor.
RoslynAnalysisRunner will not be running.
RoslynAnalysisRunner has terminated.
Mono: successfully reloaded assembly
- Completed reload, in  0.709 seconds
Platform modules already initialized, skipping
Refreshing native plugins compatible for Editor in 0.55 ms, found 1 plugins.
Preloading 0 native plugins for Editor in 0.00 ms.
Unloading 1813 Unused Serialized files (Serialized files now loaded: 0)
System memory in use before: 85.1 MB.
System memory in use after: 85.0 MB.

Unloading 12 unused Assets to reduce memory usage. Loaded Objects now: 2265.
Total: 1.990300 ms (FindLiveObjects: 0.221100 ms CreateObjectMapping: 0.042200 ms MarkObjects: 1.614600 ms  DeleteObjects: 0.111500 ms)

========================================================================
Received Import Request.
  Time since last request: 35.129949 seconds.
  path: Assets/Scripts/playermovement.cs
  artifactKey: Guid(3396426da88e750468ee8dce8aa3c7b1) Importer(815301076,1909f56bfc062723c751e8b465ee728b)
Start importing Assets/Scripts/playermovement.cs using Guid(3396426da88e750468ee8dce8aa3c7b1) Importer(815301076,1909f56bfc062723c751e8b465ee728b)  -> (artifact id: '871361390cef69b65aa9d686a257dea0') in 0.011570 seconds
  Import took 0.014793 seconds .

========================================================================
Received Import Request.
  Time since last request: 35.986981 seconds.
  path: Assets/Scripts/misc/roller enemy health.cs
  artifactKey: Guid(6c205ee8bc3ec884ebe3c22cd3cda188) Importer(815301076,1909f56bfc062723c751e8b465ee728b)
Start importing Assets/Scripts/misc/roller enemy health.cs using Guid(6c205ee8bc3ec884ebe3c22cd3cda188) Importer(815301076,1909f56bfc062723c751e8b465ee728b)  -> (artifact id: '98fad4ad48b4c045381f2a8560c55603') in 0.001996 seconds
  Import took 0.005124 seconds .

========================================================================
Received Import Request.
  Time since last request: 32.220678 seconds.
  path: Assets/Scripts/misc/roller enemy health.cs
  artifactKey: Guid(6c205ee8bc3ec884ebe3c22cd3cda188) Importer(815301076,1909f56bfc062723c751e8b465ee728b)
Start importing Assets/Scripts/misc/roller enemy health.cs using Guid(6c205ee8bc3ec884ebe3c22cd3cda188) Importer(815301076,1909f56bfc062723c751e8b465ee728b)  -> (artifact id: 'a5c61835f5c8c07a15588fda1923258a') in 0.002034 seconds
  Import took 0.005058 seconds .

========================================================================
Received Import Request.
  Time since last request: 88.179501 seconds.
  path: Assets/Scripts/misc/roller enemy health.cs
  artifactKey: Guid(6c205ee8bc3ec884ebe3c22cd3cda188) Importer(815301076,1909f56bfc062723c751e8b465ee728b)
Start importing Assets/Scripts/misc/roller enemy health.cs using Guid(6c205ee8bc3ec884ebe3c22cd3cda188) Importer(815301076,1909f56bfc062723c751e8b465ee728b)  -> (artifact id: '6a3c07d7ffd030f76e0c5395ef4cfd01') in 0.002274 seconds
  Import took 0.005185 seconds .

========================================================================
Received Prepare
Registering precompiled user dll's ...
Registered in 0.000891 seconds.
Begin MonoManager ReloadAssembly
Native extension for WindowsStandalone target not found
Native extension for WebGL target not found
Refreshing native plugins compatible for Editor in 0.45 ms, found 1 plugins.
Preloading 0 native plugins for Editor in 0.00 ms.
Invoked RoslynAnalysisRunner static constructor.
RoslynAnalysisRunner will not be running.
RoslynAnalysisRunner has terminated.
Mono: successfully reloaded assembly
- Completed reload, in  0.707 seconds
Platform modules already initialized, skipping
Refreshing native plugins compatible for Editor in 0.41 ms, found 1 plugins.
Preloading 0 native plugins for Editor in 0.00 ms.
Unloading 1813 Unused Serialized files (Serialized files now loaded: 0)
System memory in use before: 85.1 MB.
System memory in use after: 85.1 MB.

Unloading 12 unused Assets to reduce memory usage. Loaded Objects now: 2269.
Total: 1.878500 ms (FindLiveObjects: 0.233400 ms CreateObjectMapping: 0.050200 ms MarkObjects: 1.471500 ms  DeleteObjects: 0.122500 ms)

========================================================================
Received Import Request.
  Time since last request: 17.583976 seconds.
  path: Assets/Scripts/misc/roller enemy health.cs
  artifactKey: Guid(6c205ee8bc3ec884ebe3c22cd3cda188) Importer(815301076,1909f56bfc062723c751e8b465ee728b)
Start importing Assets/Scripts/misc/roller enemy health.cs using Guid(6c205ee8bc3ec884ebe3c22cd3cda188) Importer(815301076,1909f56bfc062723c751e8b465ee728b)  -> (artifact id: '17928d4b155800ed1aa6449e372d109e') in 0.005126 seconds
  Import took 0.008494 seconds .

========================================================================
Received Import Request.
  Time since last request: 247.540624 seconds.
  path: Assets/Scripts/misc/pickup.cs
  artifactKey: Guid(cfdacb8a8562cbb4a8fd426f559d1d28) Importer(815301076,1909f56bfc062723c751e8b465ee728b)
Start importing Assets/Scripts/misc/pickup.cs using Guid(cfdacb8a8562cbb4a8fd426f559d1d28) Importer(815301076,1909f56bfc062723c751e8b465ee728b)  -> (artifact id: 'e56947815924ebba8838a918cc60a060') in 0.006155 seconds
  Import took 0.009596 seconds .

========================================================================
Received Prepare
Registering precompiled user dll's ...
Registered in 0.000877 seconds.
Begin MonoManager ReloadAssembly
Native extension for WindowsStandalone target not found
Native extension for WebGL target not found
Refreshing native plugins compatible for Editor in 0.43 ms, found 1 plugins.
Preloading 0 native plugins for Editor in 0.00 ms.
Invoked RoslynAnalysisRunner static constructor.
RoslynAnalysisRunner will not be running.
RoslynAnalysisRunner has terminated.
Mono: successfully reloaded assembly
- Completed reload, in  0.702 seconds
Platform modules already initialized, skipping
Refreshing native plugins compatible for Editor in 0.41 ms, found 1 plugins.
Preloading 0 native plugins for Editor in 0.00 ms.
Unloading 1813 Unused Serialized files (Serialized files now loaded: 0)
System memory in use before: 85.1 MB.
System memory in use after: 85.1 MB.

Unloading 12 unused Assets to reduce memory usage. Loaded Objects now: 2273.
Total: 2.007200 ms (FindLiveObjects: 0.225900 ms CreateObjectMapping: 0.050100 ms MarkObjects: 1.612500 ms  DeleteObjects: 0.117900 ms)

========================================================================
Received Prepare
Registering precompiled user dll's ...
Registered in 0.000924 seconds.
Begin MonoManager ReloadAssembly
Native extension for WindowsStandalone target not found
Native extension for WebGL target not found
Refreshing native plugins compatible for Editor in 0.47 ms, found 1 plugins.
Preloading 0 native plugins for Editor in 0.00 ms.
Invoked RoslynAnalysisRunner static constructor.
RoslynAnalysisRunner will not be running.
RoslynAnalysisRunner has terminated.
Mono: successfully reloaded assembly
- Completed reload, in  0.685 seconds
Platform modules already initialized, skipping
Refreshing native plugins compatible for Editor in 0.42 ms, found 1 plugins.
Preloading 0 native plugins for Editor in 0.00 ms.
Unloading 1813 Unused Serialized files (Serialized files now loaded: 0)
System memory in use before: 85.2 MB.
System memory in use after: 85.1 MB.

Unloading 12 unused Assets to reduce memory usage. Loaded Objects now: 2277.
Total: 2.659000 ms (FindLiveObjects: 0.275400 ms CreateObjectMapping: 0.052200 ms MarkObjects: 2.214900 ms  DeleteObjects: 0.115400 ms)

========================================================================
Received Prepare
Registering precompiled user dll's ...
Registered in 0.000839 seconds.
Begin MonoManager ReloadAssembly
Native extension for WindowsStandalone target not found
Native extension for WebGL target not found
Refreshing native plugins compatible for Editor in 0.42 ms, found 1 plugins.
Preloading 0 native plugins for Editor in 0.00 ms.
Invoked RoslynAnalysisRunner static constructor.
RoslynAnalysisRunner will not be running.
RoslynAnalysisRunner has terminated.
Mono: successfully reloaded assembly
- Completed reload, in  0.674 seconds
Platform modules already initialized, skipping
Refreshing native plugins compatible for Editor in 0.43 ms, found 1 plugins.
Preloading 0 native plugins for Editor in 0.00 ms.
Unloading 1813 Unused Serialized files (Serialized files now loaded: 0)
System memory in use before: 85.2 MB.
System memory in use after: 85.2 MB.

Unloading 12 unused Assets to reduce memory usage. Loaded Objects now: 2281.
Total: 1.844900 ms (FindLiveObjects: 0.207900 ms CreateObjectMapping: 0.041300 ms MarkObjects: 1.485200 ms  DeleteObjects: 0.109600 ms)

========================================================================
Received Prepare
Registering precompiled user dll's ...
Registered in 0.000935 seconds.
Begin MonoManager ReloadAssembly
Native extension for WindowsStandalone target not found
Native extension for WebGL target not found
Refreshing native plugins compatible for Editor in 0.42 ms, found 1 plugins.
Preloading 0 native plugins for Editor in 0.00 ms.
Invoked RoslynAnalysisRunner static constructor.
RoslynAnalysisRunner will not be running.
RoslynAnalysisRunner has terminated.
Mono: successfully reloaded assembly
- Completed reload, in  0.669 seconds
Platform modules already initialized, skipping
Refreshing native plugins compatible for Editor in 0.41 ms, found 1 plugins.
Preloading 0 native plugins for Editor in 0.00 ms.
Unloading 1813 Unused Serialized files (Serialized files now loaded: 0)
System memory in use before: 85.2 MB.
System memory in use after: 85.2 MB.

Unloading 12 unused Assets to reduce memory usage. Loaded Objects now: 2285.
Total: 1.840200 ms (FindLiveObjects: 0.199700 ms CreateObjectMapping: 0.041000 ms MarkObjects: 1.487500 ms  DeleteObjects: 0.111100 ms)

========================================================================
Received Prepare
Registering precompiled user dll's ...
Registered in 0.000874 seconds.
Begin MonoManager ReloadAssembly
Native extension for WindowsStandalone target not found
Native extension for WebGL target not found
Refreshing native plugins compatible for Editor in 0.42 ms, found 1 plugins.
Preloading 0 native plugins for Editor in 0.00 ms.
Invoked RoslynAnalysisRunner static constructor.
RoslynAnalysisRunner will not be running.
RoslynAnalysisRunner has terminated.
Mono: successfully reloaded assembly
- Completed reload, in  0.686 seconds
Platform modules already initialized, skipping
Refreshing native plugins compatible for Editor in 0.41 ms, found 1 plugins.
Preloading 0 native plugins for Editor in 0.00 ms.
Unloading 1813 Unused Serialized files (Serialized files now loaded: 0)
System memory in use before: 85.2 MB.
System memory in use after: 85.2 MB.

Unloading 12 unused Assets to reduce memory usage. Loaded Objects now: 2289.
Total: 2.013200 ms (FindLiveObjects: 0.236200 ms CreateObjectMapping: 0.049200 ms MarkObjects: 1.594600 ms  DeleteObjects: 0.132200 ms)

========================================================================
Received Prepare
Registering precompiled user dll's ...
Registered in 0.000906 seconds.
Begin MonoManager ReloadAssembly
Native extension for WindowsStandalone target not found
Native extension for WebGL target not found
Refreshing native plugins compatible for Editor in 0.42 ms, found 1 plugins.
Preloading 0 native plugins for Editor in 0.00 ms.
Invoked RoslynAnalysisRunner static constructor.
RoslynAnalysisRunner will not be running.
RoslynAnalysisRunner has terminated.
Mono: successfully reloaded assembly
- Completed reload, in  0.678 seconds
Platform modules already initialized, skipping
Refreshing native plugins compatible for Editor in 0.41 ms, found 1 plugins.
Preloading 0 native plugins for Editor in 0.00 ms.
Unloading 1813 Unused Serialized files (Serialized files now loaded: 0)
System memory in use before: 85.2 MB.
System memory in use after: 85.2 MB.

Unloading 12 unused Assets to reduce memory usage. Loaded Objects now: 2293.
Total: 2.063200 ms (FindLiveObjects: 0.342600 ms CreateObjectMapping: 0.047100 ms MarkObjects: 1.553300 ms  DeleteObjects: 0.119300 ms)

========================================================================
Received Prepare
Registering precompiled user dll's ...
Registered in 0.000884 seconds.
Begin MonoManager ReloadAssembly
Native extension for WindowsStandalone target not found
Native extension for WebGL target not found
Refreshing native plugins compatible for Editor in 0.48 ms, found 1 plugins.
Preloading 0 native plugins for Editor in 0.00 ms.
Invoked RoslynAnalysisRunner static constructor.
RoslynAnalysisRunner will not be running.
RoslynAnalysisRunner has terminated.
Mono: successfully reloaded assembly
- Completed reload, in  0.694 seconds
Platform modules already initialized, skipping
Refreshing native plugins compatible for Editor in 0.43 ms, found 1 plugins.
Preloading 0 native plugins for Editor in 0.00 ms.
Unloading 1813 Unused Serialized files (Serialized files now loaded: 0)
System memory in use before: 85.2 MB.
System memory in use after: 85.2 MB.

Unloading 12 unused Assets to reduce memory usage. Loaded Objects now: 2297.
Total: 1.993100 ms (FindLiveObjects: 0.231600 ms CreateObjectMapping: 0.067400 ms MarkObjects: 1.580800 ms  DeleteObjects: 0.112200 ms)

========================================================================
Received Prepare
Registering precompiled user dll's ...
Registered in 0.000903 seconds.
Begin MonoManager ReloadAssembly
Native extension for WindowsStandalone target not found
Native extension for WebGL target not found
Refreshing native plugins compatible for Editor in 0.41 ms, found 1 plugins.
Preloading 0 native plugins for Editor in 0.00 ms.
Invoked RoslynAnalysisRunner static constructor.
RoslynAnalysisRunner will not be running.
RoslynAnalysisRunner has terminated.
Mono: successfully reloaded assembly
- Completed reload, in  0.680 seconds
Platform modules already initialized, skipping
Refreshing native plugins compatible for Editor in 0.42 ms, found 1 plugins.
Preloading 0 native plugins for Editor in 0.00 ms.
Unloading 1813 Unused Serialized files (Serialized files now loaded: 0)
System memory in use before: 85.2 MB.
System memory in use after: 85.2 MB.

Unloading 12 unused Assets to reduce memory usage. Loaded Objects now: 2301.
Total: 2.036900 ms (FindLiveObjects: 0.224800 ms CreateObjectMapping: 0.043700 ms MarkObjects: 1.654500 ms  DeleteObjects: 0.112800 ms)

========================================================================
Received Prepare
Registering precompiled user dll's ...
Registered in 0.000877 seconds.
Begin MonoManager ReloadAssembly
Native extension for WindowsStandalone target not found
Native extension for WebGL target not found
Refreshing native plugins compatible for Editor in 0.43 ms, found 1 plugins.
Preloading 0 native plugins for Editor in 0.00 ms.
Invoked RoslynAnalysisRunner static constructor.
RoslynAnalysisRunner will not be running.
RoslynAnalysisRunner has terminated.
Mono: successfully reloaded assembly
- Completed reload, in  0.682 seconds
Platform modules already initialized, skipping
Refreshing native plugins compatible for Editor in 0.43 ms, found 1 plugins.
Preloading 0 native plugins for Editor in 0.00 ms.
Unloading 1813 Unused Serialized files (Serialized files now loaded: 0)
System memory in use before: 85.2 MB.
System memory in use after: 85.2 MB.

Unloading 12 unused Assets to reduce memory usage. Loaded Objects now: 2305.
Total: 3.060600 ms (FindLiveObjects: 0.590600 ms CreateObjectMapping: 0.062600 ms MarkObjects: 2.280000 ms  DeleteObjects: 0.125900 ms)

========================================================================
Received Import Request.
  Time since last request: 443.397401 seconds.
  path: Assets/Scripts/Spawn.cs
  artifactKey: Guid(4758601db7a850c419e39d1b5a1d1cf1) Importer(815301076,1909f56bfc062723c751e8b465ee728b)
Start importing Assets/Scripts/Spawn.cs using Guid(4758601db7a850c419e39d1b5a1d1cf1) Importer(815301076,1909f56bfc062723c751e8b465ee728b)  -> (artifact id: '532fe816b4bbba705f5a481e1b15da03') in 0.008263 seconds
  Import took 0.011186 seconds .

========================================================================
Received Import Request.
  Time since last request: 0.004424 seconds.
  path: Assets/Scripts/Spawn.cs
  artifactKey: Guid(4758601db7a850c419e39d1b5a1d1cf1) Importer(815301076,1909f56bfc062723c751e8b465ee728b)
Start importing Assets/Scripts/Spawn.cs using Guid(4758601db7a850c419e39d1b5a1d1cf1) Importer(815301076,1909f56bfc062723c751e8b465ee728b)  -> (artifact id: '532fe816b4bbba705f5a481e1b15da03') in 0.001622 seconds
  Import took 0.003765 seconds .

========================================================================
Received Import Request.
  Time since last request: 8.529452 seconds.
  path: Assets/Scripts/misc/patrolpath.cs
  artifactKey: Guid(0eae7ec9d4f356c408af309676f26455) Importer(815301076,1909f56bfc062723c751e8b465ee728b)
Start importing Assets/Scripts/misc/patrolpath.cs using Guid(0eae7ec9d4f356c408af309676f26455) Importer(815301076,1909f56bfc062723c751e8b465ee728b)  -> (artifact id: '3111708982b19cb470144774edd38ad3') in 0.005408 seconds
  Import took 0.008253 seconds .

========================================================================
Received Prepare
Registering precompiled user dll's ...
Registered in 0.000931 seconds.
Begin MonoManager ReloadAssembly
Native extension for WindowsStandalone target not found
Native extension for WebGL target not found
Refreshing native plugins compatible for Editor in 0.41 ms, found 1 plugins.
Preloading 0 native plugins for Editor in 0.00 ms.
Invoked RoslynAnalysisRunner static constructor.
RoslynAnalysisRunner will not be running.
RoslynAnalysisRunner has terminated.
Mono: successfully reloaded assembly
- Completed reload, in  0.666 seconds
Platform modules already initialized, skipping
Refreshing native plugins compatible for Editor in 0.40 ms, found 1 plugins.
Preloading 0 native plugins for Editor in 0.00 ms.
Unloading 1813 Unused Serialized files (Serialized files now loaded: 0)
System memory in use before: 85.3 MB.
System memory in use after: 85.2 MB.

Unloading 12 unused Assets to reduce memory usage. Loaded Objects now: 2309.
Total: 1.974100 ms (FindLiveObjects: 0.234500 ms CreateObjectMapping: 0.048200 ms MarkObjects: 1.579600 ms  DeleteObjects: 0.110600 ms)

========================================================================
Received Import Request.
  Time since last request: 55.298564 seconds.
  path: Assets/Scripts/misc/CameraFollow.cs
  artifactKey: Guid(4a3236851288dd14cb4881bf510c3876) Importer(815301076,1909f56bfc062723c751e8b465ee728b)
Start importing Assets/Scripts/misc/CameraFollow.cs using Guid(4a3236851288dd14cb4881bf510c3876) Importer(815301076,1909f56bfc062723c751e8b465ee728b)  -> (artifact id: '79e9c93c6cbf38209b32673f69e9ce2c') in 0.010033 seconds
  Import took 0.013019 seconds .

========================================================================
Received Import Request.
  Time since last request: 0.015467 seconds.
  path: Assets/Scripts/misc/CameraFollow.cs
  artifactKey: Guid(4a3236851288dd14cb4881bf510c3876) Importer(815301076,1909f56bfc062723c751e8b465ee728b)
Start importing Assets/Scripts/misc/CameraFollow.cs using Guid(4a3236851288dd14cb4881bf510c3876) Importer(815301076,1909f56bfc062723c751e8b465ee728b)  -> (artifact id: '79e9c93c6cbf38209b32673f69e9ce2c') in 0.001814 seconds
  Import took 0.004199 seconds .

========================================================================
Received Prepare
Registering precompiled user dll's ...
Registered in 0.000981 seconds.
Begin MonoManager ReloadAssembly
Native extension for WindowsStandalone target not found
Native extension for WebGL target not found
Refreshing native plugins compatible for Editor in 0.42 ms, found 1 plugins.
Preloading 0 native plugins for Editor in 0.00 ms.
Invoked RoslynAnalysisRunner static constructor.
RoslynAnalysisRunner will not be running.
RoslynAnalysisRunner has terminated.
Mono: successfully reloaded assembly
- Completed reload, in  0.665 seconds
Platform modules already initialized, skipping
Refreshing native plugins compatible for Editor in 0.40 ms, found 1 plugins.
Preloading 0 native plugins for Editor in 0.00 ms.
Unloading 1813 Unused Serialized files (Serialized files now loaded: 0)
System memory in use before: 85.3 MB.
System memory in use after: 85.2 MB.

Unloading 12 unused Assets to reduce memory usage. Loaded Objects now: 2313.
Total: 1.871300 ms (FindLiveObjects: 0.201400 ms CreateObjectMapping: 0.042800 ms MarkObjects: 1.518400 ms  DeleteObjects: 0.107800 ms)

========================================================================
Received Prepare
Registering precompiled user dll's ...
Registered in 0.000895 seconds.
Begin MonoManager ReloadAssembly
Native extension for WindowsStandalone target not found
Native extension for WebGL target not found
Refreshing native plugins compatible for Editor in 0.42 ms, found 1 plugins.
Preloading 0 native plugins for Editor in 0.00 ms.
Invoked RoslynAnalysisRunner static constructor.
RoslynAnalysisRunner will not be running.
RoslynAnalysisRunner has terminated.
Mono: successfully reloaded assembly
- Completed reload, in  0.682 seconds
Platform modules already initialized, skipping
Refreshing native plugins compatible for Editor in 0.42 ms, found 1 plugins.
Preloading 0 native plugins for Editor in 0.00 ms.
Unloading 1813 Unused Serialized files (Serialized files now loaded: 0)
System memory in use before: 85.3 MB.
System memory in use after: 85.2 MB.

Unloading 12 unused Assets to reduce memory usage. Loaded Objects now: 2317.
Total: 2.634800 ms (FindLiveObjects: 0.466300 ms CreateObjectMapping: 0.066600 ms MarkObjects: 1.965300 ms  DeleteObjects: 0.135300 ms)

========================================================================
Received Prepare
Registering precompiled user dll's ...
Registered in 0.000925 seconds.
Begin MonoManager ReloadAssembly
Native extension for WindowsStandalone target not found
Native extension for WebGL target not found
Refreshing native plugins compatible for Editor in 0.42 ms, found 1 plugins.
Preloading 0 native plugins for Editor in 0.00 ms.
Invoked RoslynAnalysisRunner static constructor.
RoslynAnalysisRunner will not be running.
RoslynAnalysisRunner has terminated.
Mono: successfully reloaded assembly
- Completed reload, in  0.686 seconds
Platform modules already initialized, skipping
Refreshing native plugins compatible for Editor in 0.44 ms, found 1 plugins.
Preloading 0 native plugins for Editor in 0.00 ms.
Unloading 1813 Unused Serialized files (Serialized files now loaded: 0)
System memory in use before: 85.3 MB.
System memory in use after: 85.3 MB.

Unloading 12 unused Assets to reduce memory usage. Loaded Objects now: 2321.
Total: 1.924200 ms (FindLiveObjects: 0.239900 ms CreateObjectMapping: 0.040500 ms MarkObjects: 1.515700 ms  DeleteObjects: 0.127200 ms)

========================================================================
Received Prepare
Registering precompiled user dll's ...
Registered in 0.001085 seconds.
Begin MonoManager ReloadAssembly
Native extension for WindowsStandalone target not found
Native extension for WebGL target not found
Refreshing native plugins compatible for Editor in 0.41 ms, found 1 plugins.
Preloading 0 native plugins for Editor in 0.00 ms.
Invoked RoslynAnalysisRunner static constructor.
RoslynAnalysisRunner will not be running.
RoslynAnalysisRunner has terminated.
Mono: successfully reloaded assembly
- Completed reload, in  0.694 seconds
Platform modules already initialized, skipping
Refreshing native plugins compatible for Editor in 0.43 ms, found 1 plugins.
Preloading 0 native plugins for Editor in 0.00 ms.
Unloading 1813 Unused Serialized files (Serialized files now loaded: 0)
System memory in use before: 85.3 MB.
System memory in use after: 85.3 MB.

Unloading 12 unused Assets to reduce memory usage. Loaded Objects now: 2325.
Total: 2.029300 ms (FindLiveObjects: 0.276300 ms CreateObjectMapping: 0.042900 ms MarkObjects: 1.590000 ms  DeleteObjects: 0.118900 ms)

========================================================================
Received Import Request.
  Time since last request: 397.251816 seconds.
  path: Assets/Scripts/manager
  artifactKey: Guid(7095794e03b31034eb3285ab9673ed0e) Importer(815301076,1909f56bfc062723c751e8b465ee728b)
Start importing Assets/Scripts/manager using Guid(7095794e03b31034eb3285ab9673ed0e) Importer(815301076,1909f56bfc062723c751e8b465ee728b)  -> (artifact id: '645456e632b800d32e676552244ca532') in 0.008795 seconds
  Import took 0.011768 seconds .

========================================================================
Received Prepare
Registering precompiled user dll's ...
Registered in 0.000919 seconds.
Begin MonoManager ReloadAssembly
Native extension for WindowsStandalone target not found
Native extension for WebGL target not found
Refreshing native plugins compatible for Editor in 0.44 ms, found 1 plugins.
Preloading 0 native plugins for Editor in 0.00 ms.
Invoked RoslynAnalysisRunner static constructor.
RoslynAnalysisRunner will not be running.
RoslynAnalysisRunner has terminated.
Mono: successfully reloaded assembly
- Completed reload, in  0.680 seconds
Platform modules already initialized, skipping
Refreshing native plugins compatible for Editor in 0.43 ms, found 1 plugins.
Preloading 0 native plugins for Editor in 0.00 ms.
Unloading 1814 Unused Serialized files (Serialized files now loaded: 0)
System memory in use before: 85.3 MB.
System memory in use after: 85.3 MB.

Unloading 12 unused Assets to reduce memory usage. Loaded Objects now: 2330.
Total: 1.933700 ms (FindLiveObjects: 0.240900 ms CreateObjectMapping: 0.041000 ms MarkObjects: 1.524700 ms  DeleteObjects: 0.126200 ms)

========================================================================
Received Import Request.
  Time since last request: 16.337369 seconds.
  path: Assets/Scripts/manager/NewBehaviourScript.cs
  artifactKey: Guid(40d40279f98f1c049ac1bb3708211641) Importer(815301076,1909f56bfc062723c751e8b465ee728b)
Start importing Assets/Scripts/manager/NewBehaviourScript.cs using Guid(40d40279f98f1c049ac1bb3708211641) Importer(815301076,1909f56bfc062723c751e8b465ee728b)  -> (artifact id: 'a017124199d996d7ca2f1843dc6e9b50') in 0.007975 seconds
  Import took 0.010799 seconds .

========================================================================
Received Prepare
Registering precompiled user dll's ...
Registered in 0.000874 seconds.
Begin MonoManager ReloadAssembly
Native extension for WindowsStandalone target not found
Native extension for WebGL target not found
Refreshing native plugins compatible for Editor in 0.41 ms, found 1 plugins.
Preloading 0 native plugins for Editor in 0.00 ms.
Invoked RoslynAnalysisRunner static constructor.
RoslynAnalysisRunner will not be running.
RoslynAnalysisRunner has terminated.
Mono: successfully reloaded assembly
- Completed reload, in  0.664 seconds
Platform modules already initialized, skipping
Refreshing native plugins compatible for Editor in 0.42 ms, found 1 plugins.
Preloading 0 native plugins for Editor in 0.00 ms.
Unloading 1813 Unused Serialized files (Serialized files now loaded: 0)
System memory in use before: 85.3 MB.
System memory in use after: 85.3 MB.

Unloading 13 unused Assets to reduce memory usage. Loaded Objects now: 2333.
Total: 1.972300 ms (FindLiveObjects: 0.232100 ms CreateObjectMapping: 0.049500 ms MarkObjects: 1.576500 ms  DeleteObjects: 0.113100 ms)

========================================================================
Received Import Request.
  Time since last request: 18.361801 seconds.
  path: Assets/Scripts/manager/GameManager.cs
  artifactKey: Guid(37284bad589c2834884a8f8ed0570bc4) Importer(815301076,1909f56bfc062723c751e8b465ee728b)
Start importing Assets/Scripts/manager/GameManager.cs using Guid(37284bad589c2834884a8f8ed0570bc4) Importer(815301076,1909f56bfc062723c751e8b465ee728b)  -> (artifact id: '849011acfb5ec9e4774046a4d896836c') in 0.008062 seconds
  Import took 0.010979 seconds .

========================================================================
Received Prepare
Registering precompiled user dll's ...
Registered in 0.000857 seconds.
Begin MonoManager ReloadAssembly
Native extension for WindowsStandalone target not found
Native extension for WebGL target not found
Refreshing native plugins compatible for Editor in 0.42 ms, found 1 plugins.
Preloading 0 native plugins for Editor in 0.00 ms.
Invoked RoslynAnalysisRunner static constructor.
RoslynAnalysisRunner will not be running.
RoslynAnalysisRunner has terminated.
Mono: successfully reloaded assembly
- Completed reload, in  0.666 seconds
Platform modules already initialized, skipping
Refreshing native plugins compatible for Editor in 0.44 ms, found 1 plugins.
Preloading 0 native plugins for Editor in 0.00 ms.
Unloading 1814 Unused Serialized files (Serialized files now loaded: 0)
System memory in use before: 85.3 MB.
System memory in use after: 85.3 MB.

Unloading 12 unused Assets to reduce memory usage. Loaded Objects now: 2338.
Total: 1.876400 ms (FindLiveObjects: 0.218100 ms CreateObjectMapping: 0.047000 ms MarkObjects: 1.497500 ms  DeleteObjects: 0.113000 ms)

========================================================================
Received Prepare
Registering precompiled user dll's ...
Registered in 0.000995 seconds.
Begin MonoManager ReloadAssembly
Native extension for WindowsStandalone target not found
Native extension for WebGL target not found
Refreshing native plugins compatible for Editor in 0.42 ms, found 1 plugins.
Preloading 0 native plugins for Editor in 0.00 ms.
Invoked RoslynAnalysisRunner static constructor.
RoslynAnalysisRunner will not be running.
RoslynAnalysisRunner has terminated.
Mono: successfully reloaded assembly
- Completed reload, in  0.676 seconds
Platform modules already initialized, skipping
Refreshing native plugins compatible for Editor in 0.42 ms, found 1 plugins.
Preloading 0 native plugins for Editor in 0.00 ms.
Unloading 1814 Unused Serialized files (Serialized files now loaded: 0)
System memory in use before: 85.3 MB.
System memory in use after: 85.3 MB.

Unloading 12 unused Assets to reduce memory usage. Loaded Objects now: 2342.
Total: 1.873000 ms (FindLiveObjects: 0.229200 ms CreateObjectMapping: 0.048400 ms MarkObjects: 1.492200 ms  DeleteObjects: 0.102200 ms)

========================================================================
Received Import Request.
  Time since last request: 119.845191 seconds.
  path: Assets/Scripts/manager/GameManager.cs
  artifactKey: Guid(37284bad589c2834884a8f8ed0570bc4) Importer(815301076,1909f56bfc062723c751e8b465ee728b)
Start importing Assets/Scripts/manager/GameManager.cs using Guid(37284bad589c2834884a8f8ed0570bc4) Importer(815301076,1909f56bfc062723c751e8b465ee728b)  -> (artifact id: '57668322e82ccc260f95c03b4950601a') in 0.004531 seconds
  Import took 0.007384 seconds .

========================================================================
Received Import Request.
  Time since last request: 8.927621 seconds.
  path: Assets/Scenes/New Scene.unity
  artifactKey: Guid(4647f58438ccd66409f149c709ba523d) Importer(815301076,1909f56bfc062723c751e8b465ee728b)
Start importing Assets/Scenes/New Scene.unity using Guid(4647f58438ccd66409f149c709ba523d) Importer(815301076,1909f56bfc062723c751e8b465ee728b)  -> (artifact id: '8e1cc8b6f21c93797f88194b14d972c4') in 0.011877 seconds
  Import took 0.014755 seconds .

========================================================================
Received Import Request.
  Time since last request: 38.683329 seconds.
  path: Assets/Scenes/New SceneTemplate.scenetemplate
  artifactKey: Guid(58510923cfb8fd549a47795cc06be7bb) Importer(815301076,1909f56bfc062723c751e8b465ee728b)
Start importing Assets/Scenes/New SceneTemplate.scenetemplate using Guid(58510923cfb8fd549a47795cc06be7bb) Importer(815301076,1909f56bfc062723c751e8b465ee728b)  -> (artifact id: 'd25e69686b382d5b05c8da67702083c5') in 0.019283 seconds
  Import took 0.022275 seconds .

========================================================================
Received Import Request.
  Time since last request: 13.977665 seconds.
  path: Assets/Scenes/New Scene.unity
  artifactKey: Guid(4647f58438ccd66409f149c709ba523d) Importer(815301076,1909f56bfc062723c751e8b465ee728b)
Start importing Assets/Scenes/New Scene.unity using Guid(4647f58438ccd66409f149c709ba523d) Importer(815301076,1909f56bfc062723c751e8b465ee728b)  -> (artifact id: '1963b22944bdf128380603cf0f40bd80') in 0.002312 seconds
  Import took 0.005193 seconds .

========================================================================
Received Import Request.
  Time since last request: 31.628790 seconds.
  path: Assets/Scenes/Title Screen.unity
  artifactKey: Guid(4647f58438ccd66409f149c709ba523d) Importer(815301076,1909f56bfc062723c751e8b465ee728b)
Start importing Assets/Scenes/Title Screen.unity using Guid(4647f58438ccd66409f149c709ba523d) Importer(815301076,1909f56bfc062723c751e8b465ee728b)  -> (artifact id: '4e312182a7ce33b48ad484eb6f0b1efe') in 0.006417 seconds
  Import took 0.009320 seconds .

========================================================================
Received Import Request.
  Time since last request: 108.895564 seconds.
  path: Assets/Scenes/SampleScene.unity
  artifactKey: Guid(2cda990e2423bbf4892e6590ba056729) Importer(815301076,1909f56bfc062723c751e8b465ee728b)
Start importing Assets/Scenes/SampleScene.unity using Guid(2cda990e2423bbf4892e6590ba056729) Importer(815301076,1909f56bfc062723c751e8b465ee728b)  -> (artifact id: '915a829ec63e03ba4e9f025b268df0ca') in 0.006165 seconds
  Import took 0.009094 seconds .

========================================================================
Received Prepare
Registering precompiled user dll's ...
Registered in 0.000987 seconds.
Begin MonoManager ReloadAssembly
Native extension for WindowsStandalone target not found
Native extension for WebGL target not found
Refreshing native plugins compatible for Editor in 0.44 ms, found 1 plugins.
Preloading 0 native plugins for Editor in 0.00 ms.
Invoked RoslynAnalysisRunner static constructor.
RoslynAnalysisRunner will not be running.
RoslynAnalysisRunner has terminated.
Mono: successfully reloaded assembly
- Completed reload, in  0.691 seconds
Platform modules already initialized, skipping
Refreshing native plugins compatible for Editor in 0.42 ms, found 1 plugins.
Preloading 0 native plugins for Editor in 0.00 ms.
Unloading 1814 Unused Serialized files (Serialized files now loaded: 0)
System memory in use before: 85.4 MB.
System memory in use after: 85.4 MB.

Unloading 12 unused Assets to reduce memory usage. Loaded Objects now: 2346.
Total: 1.877900 ms (FindLiveObjects: 0.208700 ms CreateObjectMapping: 0.041400 ms MarkObjects: 1.504500 ms  DeleteObjects: 0.122200 ms)

========================================================================
Received Import Request.
  Time since last request: 168.557253 seconds.
  path: Assets/Scripts/manager/GameManager.cs
  artifactKey: Guid(37284bad589c2834884a8f8ed0570bc4) Importer(815301076,1909f56bfc062723c751e8b465ee728b)
Start importing Assets/Scripts/manager/GameManager.cs using Guid(37284bad589c2834884a8f8ed0570bc4) Importer(815301076,1909f56bfc062723c751e8b465ee728b)  -> (artifact id: '34289c664d00725cad87fab69c67eb40') in 0.004347 seconds
  Import took 0.006946 seconds .

========================================================================
Received Prepare
Registering precompiled user dll's ...
Registered in 0.000911 seconds.
Begin MonoManager ReloadAssembly
Native extension for WindowsStandalone target not found
Native extension for WebGL target not found
Refreshing native plugins compatible for Editor in 0.52 ms, found 1 plugins.
Preloading 0 native plugins for Editor in 0.00 ms.
Invoked RoslynAnalysisRunner static constructor.
RoslynAnalysisRunner will not be running.
RoslynAnalysisRunner has terminated.
Mono: successfully reloaded assembly
- Completed reload, in  0.698 seconds
Platform modules already initialized, skipping
Refreshing native plugins compatible for Editor in 0.41 ms, found 1 plugins.
Preloading 0 native plugins for Editor in 0.00 ms.
Unloading 1814 Unused Serialized files (Serialized files now loaded: 0)
System memory in use before: 85.4 MB.
System memory in use after: 85.4 MB.

Unloading 12 unused Assets to reduce memory usage. Loaded Objects now: 2350.
Total: 1.938600 ms (FindLiveObjects: 0.243100 ms CreateObjectMapping: 0.039900 ms MarkObjects: 1.540300 ms  DeleteObjects: 0.114500 ms)

========================================================================
Received Prepare
Registering precompiled user dll's ...
Registered in 0.000807 seconds.
Begin MonoManager ReloadAssembly
Native extension for WindowsStandalone target not found
Native extension for WebGL target not found
Refreshing native plugins compatible for Editor in 0.42 ms, found 1 plugins.
Preloading 0 native plugins for Editor in 0.00 ms.
Invoked RoslynAnalysisRunner static constructor.
RoslynAnalysisRunner will not be running.
RoslynAnalysisRunner has terminated.
Mono: successfully reloaded assembly
- Completed reload, in  0.673 seconds
Platform modules already initialized, skipping
Refreshing native plugins compatible for Editor in 0.41 ms, found 1 plugins.
Preloading 0 native plugins for Editor in 0.00 ms.
Unloading 1814 Unused Serialized files (Serialized files now loaded: 0)
System memory in use before: 85.4 MB.
System memory in use after: 85.4 MB.

Unloading 12 unused Assets to reduce memory usage. Loaded Objects now: 2354.
Total: 2.093400 ms (FindLiveObjects: 0.306100 ms CreateObjectMapping: 0.129700 ms MarkObjects: 1.532300 ms  DeleteObjects: 0.124000 ms)

========================================================================
Received Import Request.
  Time since last request: 371.012068 seconds.
  path: Assets/Scenes/Title Screen.unity
  artifactKey: Guid(4647f58438ccd66409f149c709ba523d) Importer(815301076,1909f56bfc062723c751e8b465ee728b)
Start importing Assets/Scenes/Title Screen.unity using Guid(4647f58438ccd66409f149c709ba523d) Importer(815301076,1909f56bfc062723c751e8b465ee728b)  -> (artifact id: 'f70c9309861728e117e1418ca3c89b67') in 0.010941 seconds
  Import took 0.014048 seconds .

========================================================================
Received Import Request.
  Time since last request: 0.942626 seconds.
  path: Assets/Scenes/SampleScene.unity
  artifactKey: Guid(2cda990e2423bbf4892e6590ba056729) Importer(815301076,1909f56bfc062723c751e8b465ee728b)
Start importing Assets/Scenes/SampleScene.unity using Guid(2cda990e2423bbf4892e6590ba056729) Importer(815301076,1909f56bfc062723c751e8b465ee728b)  -> (artifact id: '621d1b4dc8fb25b3d72ec96b23f49d6a') in 0.002295 seconds
  Import took 0.005020 seconds .

========================================================================
Received Prepare
Registering precompiled user dll's ...
Registered in 0.000902 seconds.
Begin MonoManager ReloadAssembly
Native extension for WindowsStandalone target not found
Native extension for WebGL target not found
Refreshing native plugins compatible for Editor in 0.65 ms, found 1 plugins.
Preloading 0 native plugins for Editor in 0.00 ms.
Invoked RoslynAnalysisRunner static constructor.
RoslynAnalysisRunner will not be running.
RoslynAnalysisRunner has terminated.
Mono: successfully reloaded assembly
- Completed reload, in  0.683 seconds
Platform modules already initialized, skipping
Refreshing native plugins compatible for Editor in 0.43 ms, found 1 plugins.
Preloading 0 native plugins for Editor in 0.00 ms.
Unloading 1814 Unused Serialized files (Serialized files now loaded: 0)
System memory in use before: 85.4 MB.
System memory in use after: 85.4 MB.

Unloading 12 unused Assets to reduce memory usage. Loaded Objects now: 2358.
Total: 2.472000 ms (FindLiveObjects: 0.351500 ms CreateObjectMapping: 0.070600 ms MarkObjects: 1.938000 ms  DeleteObjects: 0.109900 ms)

========================================================================
Received Prepare
Registering precompiled user dll's ...
Registered in 0.000762 seconds.
Begin MonoManager ReloadAssembly
Native extension for WindowsStandalone target not found
Native extension for WebGL target not found
Refreshing native plugins compatible for Editor in 0.42 ms, found 1 plugins.
Preloading 0 native plugins for Editor in 0.00 ms.
Invoked RoslynAnalysisRunner static constructor.
RoslynAnalysisRunner will not be running.
RoslynAnalysisRunner has terminated.
Mono: successfully reloaded assembly
- Completed reload, in  0.677 seconds
Platform modules already initialized, skipping
Refreshing native plugins compatible for Editor in 0.43 ms, found 1 plugins.
Preloading 0 native plugins for Editor in 0.00 ms.
Unloading 1814 Unused Serialized files (Serialized files now loaded: 0)
System memory in use before: 85.4 MB.
System memory in use after: 85.4 MB.

Unloading 12 unused Assets to reduce memory usage. Loaded Objects now: 2362.
Total: 2.071100 ms (FindLiveObjects: 0.245800 ms CreateObjectMapping: 0.046500 ms MarkObjects: 1.671300 ms  DeleteObjects: 0.106700 ms)

========================================================================
Received Prepare
Registering precompiled user dll's ...
Registered in 0.000896 seconds.
Begin MonoManager ReloadAssembly
Native extension for WindowsStandalone target not found
Native extension for WebGL target not found
Refreshing native plugins compatible for Editor in 0.51 ms, found 1 plugins.
Preloading 0 native plugins for Editor in 0.00 ms.
Invoked RoslynAnalysisRunner static constructor.
RoslynAnalysisRunner will not be running.
RoslynAnalysisRunner has terminated.
Mono: successfully reloaded assembly
- Completed reload, in  0.687 seconds
Platform modules already initialized, skipping
Refreshing native plugins compatible for Editor in 0.43 ms, found 1 plugins.
Preloading 0 native plugins for Editor in 0.00 ms.
Unloading 1814 Unused Serialized files (Serialized files now loaded: 0)
System memory in use before: 85.4 MB.
System memory in use after: 85.4 MB.

Unloading 12 unused Assets to reduce memory usage. Loaded Objects now: 2366.
Total: 1.898100 ms (FindLiveObjects: 0.232100 ms CreateObjectMapping: 0.041300 ms MarkObjects: 1.504900 ms  DeleteObjects: 0.118500 ms)

========================================================================
Received Prepare
Registering precompiled user dll's ...
Registered in 0.000837 seconds.
Begin MonoManager ReloadAssembly
Native extension for WindowsStandalone target not found
Native extension for WebGL target not found
Refreshing native plugins compatible for Editor in 0.43 ms, found 1 plugins.
Preloading 0 native plugins for Editor in 0.00 ms.
Invoked RoslynAnalysisRunner static constructor.
RoslynAnalysisRunner will not be running.
RoslynAnalysisRunner has terminated.
Mono: successfully reloaded assembly
- Completed reload, in  0.685 seconds
Platform modules already initialized, skipping
Refreshing native plugins compatible for Editor in 0.40 ms, found 1 plugins.
Preloading 0 native plugins for Editor in 0.00 ms.
Unloading 1814 Unused Serialized files (Serialized files now loaded: 0)
System memory in use before: 85.4 MB.
System memory in use after: 85.4 MB.

Unloading 12 unused Assets to reduce memory usage. Loaded Objects now: 2370.
Total: 2.209100 ms (FindLiveObjects: 0.316400 ms CreateObjectMapping: 0.045400 ms MarkObjects: 1.716600 ms  DeleteObjects: 0.129700 ms)

========================================================================
Received Import Request.
  Time since last request: 169.092168 seconds.
  path: Assets/Scripts/manager/GameManager.cs
  artifactKey: Guid(37284bad589c2834884a8f8ed0570bc4) Importer(815301076,1909f56bfc062723c751e8b465ee728b)
Start importing Assets/Scripts/manager/GameManager.cs using Guid(37284bad589c2834884a8f8ed0570bc4) Importer(815301076,1909f56bfc062723c751e8b465ee728b)  -> (artifact id: 'b39c8d353af654e4f886d9addaaab154') in 0.004538 seconds
  Import took 0.007457 seconds .

========================================================================
Received Prepare
Registering precompiled user dll's ...
Registered in 0.001408 seconds.
Begin MonoManager ReloadAssembly
Native extension for WindowsStandalone target not found
Native extension for WebGL target not found
Refreshing native plugins compatible for Editor in 0.43 ms, found 1 plugins.
Preloading 0 native plugins for Editor in 0.00 ms.
Invoked RoslynAnalysisRunner static constructor.
RoslynAnalysisRunner will not be running.
RoslynAnalysisRunner has terminated.
Mono: successfully reloaded assembly
- Completed reload, in  0.683 seconds
Platform modules already initialized, skipping
Refreshing native plugins compatible for Editor in 0.41 ms, found 1 plugins.
Preloading 0 native plugins for Editor in 0.00 ms.
Unloading 1814 Unused Serialized files (Serialized files now loaded: 0)
System memory in use before: 85.4 MB.
System memory in use after: 85.4 MB.

Unloading 12 unused Assets to reduce memory usage. Loaded Objects now: 2374.
Total: 2.350200 ms (FindLiveObjects: 0.459600 ms CreateObjectMapping: 0.070800 ms MarkObjects: 1.703400 ms  DeleteObjects: 0.115300 ms)

========================================================================
Received Import Request.
  Time since last request: 32.797398 seconds.
  path: Assets/Scripts/manager/GameManager.cs
  artifactKey: Guid(37284bad589c2834884a8f8ed0570bc4) Importer(815301076,1909f56bfc062723c751e8b465ee728b)
Start importing Assets/Scripts/manager/GameManager.cs using Guid(37284bad589c2834884a8f8ed0570bc4) Importer(815301076,1909f56bfc062723c751e8b465ee728b)  -> (artifact id: '4ca87cd9963a55309a7cfde7c9eea6b7') in 0.004474 seconds
  Import took 0.006961 seconds .

========================================================================
Received Prepare
Registering precompiled user dll's ...
Registered in 0.000977 seconds.
Begin MonoManager ReloadAssembly
Native extension for WindowsStandalone target not found
Native extension for WebGL target not found
Refreshing native plugins compatible for Editor in 0.45 ms, found 1 plugins.
Preloading 0 native plugins for Editor in 0.00 ms.
Invoked RoslynAnalysisRunner static constructor.
RoslynAnalysisRunner will not be running.
RoslynAnalysisRunner has terminated.
Mono: successfully reloaded assembly
- Completed reload, in  0.702 seconds
Platform modules already initialized, skipping
Refreshing native plugins compatible for Editor in 0.42 ms, found 1 plugins.
Preloading 0 native plugins for Editor in 0.00 ms.
Unloading 1814 Unused Serialized files (Serialized files now loaded: 0)
System memory in use before: 85.5 MB.
System memory in use after: 85.4 MB.

Unloading 12 unused Assets to reduce memory usage. Loaded Objects now: 2378.
Total: 1.959300 ms (FindLiveObjects: 0.249600 ms CreateObjectMapping: 0.050400 ms MarkObjects: 1.549200 ms  DeleteObjects: 0.109300 ms)

AssetImportWorkerClient::OnTransportError - code=2 error=End of file
